[debug] [2023-06-06T14:15:10.234Z] ----------------------------------------------------------------------
[debug] [2023-06-06T14:15:10.237Z] Command:       C:\Program Files\nodejs\node.exe C:\Users\zan\AppData\Roaming\npm\node_modules\firebase-tools\lib\bin\firebase.js init
[debug] [2023-06-06T14:15:10.238Z] CLI Version:   12.3.0
[debug] [2023-06-06T14:15:10.239Z] Platform:      win32
[debug] [2023-06-06T14:15:10.239Z] Node Version:  v18.16.0
[debug] [2023-06-06T14:15:10.240Z] Time:          Tue Jun 06 2023 14:15:10 GMT+0000 (heure moyenne de Greenwich)
[debug] [2023-06-06T14:15:10.241Z] ----------------------------------------------------------------------
[debug] 
[debug] [2023-06-06T14:15:10.254Z] > command requires scopes: ["email","openid","https://www.googleapis.com/auth/cloudplatformprojects.readonly","https://www.googleapis.com/auth/firebase","https://www.googleapis.com/auth/cloud-platform"]
[debug] [2023-06-06T14:15:10.255Z] > authorizing via signed-in user (balamine129@gmail.com)
[info] 
     ######## #### ########  ######## ########     ###     ######  ########
     ##        ##  ##     ## ##       ##     ##  ##   ##  ##       ##
     ######    ##  ########  ######   ########  #########  ######  ######
     ##        ##  ##    ##  ##       ##     ## ##     ##       ## ##
     ##       #### ##     ## ######## ########  ##     ##  ######  ########

You're about to initialize a Firebase project in this directory:

  C:\Users\zan\Desktop\startup-website-template

[info] 
=== Project Setup
[info] 
[info] First, let's associate this project directory with a Firebase project.
[info] You can create multiple project aliases by running firebase use --add, 
[info] but for now we'll just set up a default project.
[info] 
[debug] [2023-06-06T14:15:45.919Z] >>> [apiv2][query] GET https://firebase.googleapis.com/v1beta1/availableProjects pageSize=100
[debug] [2023-06-06T14:15:46.748Z] <<< [apiv2][status] GET https://firebase.googleapis.com/v1beta1/availableProjects 200
[debug] [2023-06-06T14:15:46.749Z] <<< [apiv2][body] GET https://firebase.googleapis.com/v1beta1/availableProjects [omitted]
[debug] [2023-06-06T14:15:56.623Z] >>> [apiv2][query] POST https://firebase.googleapis.com/v1beta1/projects/organic-boulder-343718:addFirebase [none]
[debug] [2023-06-06T14:15:58.748Z] <<< [apiv2][status] POST https://firebase.googleapis.com/v1beta1/projects/organic-boulder-343718:addFirebase 200
[debug] [2023-06-06T14:15:58.749Z] <<< [apiv2][body] POST https://firebase.googleapis.com/v1beta1/projects/organic-boulder-343718:addFirebase {"name":"operations/workflows/ODcwNWE5N2YtNzUwMC00MWQ5LWE5MGEtZTQ2YjQyZTdlOWY2"}
[debug] [2023-06-06T14:15:58.754Z] >>> [apiv2][query] GET https://firebase.googleapis.com/v1beta1/operations/workflows/ODcwNWE5N2YtNzUwMC00MWQ5LWE5MGEtZTQ2YjQyZTdlOWY2 [none]
[debug] [2023-06-06T14:15:59.692Z] <<< [apiv2][status] GET https://firebase.googleapis.com/v1beta1/operations/workflows/ODcwNWE5N2YtNzUwMC00MWQ5LWE5MGEtZTQ2YjQyZTdlOWY2 200
[debug] [2023-06-06T14:15:59.692Z] <<< [apiv2][body] GET https://firebase.googleapis.com/v1beta1/operations/workflows/ODcwNWE5N2YtNzUwMC00MWQ5LWE5MGEtZTQ2YjQyZTdlOWY2 {"name":"operations/workflows/ODcwNWE5N2YtNzUwMC00MWQ5LWE5MGEtZTQ2YjQyZTdlOWY2"}
[debug] [2023-06-06T14:16:00.197Z] [Add Firebase Poller] Retrying task index 0
[debug] [2023-06-06T14:16:00.199Z] >>> [apiv2][query] GET https://firebase.googleapis.com/v1beta1/operations/workflows/ODcwNWE5N2YtNzUwMC00MWQ5LWE5MGEtZTQ2YjQyZTdlOWY2 [none]
[debug] [2023-06-06T14:16:00.788Z] <<< [apiv2][status] GET https://firebase.googleapis.com/v1beta1/operations/workflows/ODcwNWE5N2YtNzUwMC00MWQ5LWE5MGEtZTQ2YjQyZTdlOWY2 200
[debug] [2023-06-06T14:16:00.788Z] <<< [apiv2][body] GET https://firebase.googleapis.com/v1beta1/operations/workflows/ODcwNWE5N2YtNzUwMC00MWQ5LWE5MGEtZTQ2YjQyZTdlOWY2 {"name":"operations/workflows/ODcwNWE5N2YtNzUwMC00MWQ5LWE5MGEtZTQ2YjQyZTdlOWY2"}
[debug] [2023-06-06T14:16:01.802Z] [Add Firebase Poller] Retrying task index 0
[debug] [2023-06-06T14:16:01.803Z] >>> [apiv2][query] GET https://firebase.googleapis.com/v1beta1/operations/workflows/ODcwNWE5N2YtNzUwMC00MWQ5LWE5MGEtZTQ2YjQyZTdlOWY2 [none]
[debug] [2023-06-06T14:16:02.420Z] <<< [apiv2][status] GET https://firebase.googleapis.com/v1beta1/operations/workflows/ODcwNWE5N2YtNzUwMC00MWQ5LWE5MGEtZTQ2YjQyZTdlOWY2 200
[debug] [2023-06-06T14:16:02.421Z] <<< [apiv2][body] GET https://firebase.googleapis.com/v1beta1/operations/workflows/ODcwNWE5N2YtNzUwMC00MWQ5LWE5MGEtZTQ2YjQyZTdlOWY2 {"name":"operations/workflows/ODcwNWE5N2YtNzUwMC00MWQ5LWE5MGEtZTQ2YjQyZTdlOWY2"}
[debug] [2023-06-06T14:16:04.427Z] [Add Firebase Poller] Retrying task index 0
[debug] [2023-06-06T14:16:04.427Z] >>> [apiv2][query] GET https://firebase.googleapis.com/v1beta1/operations/workflows/ODcwNWE5N2YtNzUwMC00MWQ5LWE5MGEtZTQ2YjQyZTdlOWY2 [none]
[debug] [2023-06-06T14:16:05.003Z] <<< [apiv2][status] GET https://firebase.googleapis.com/v1beta1/operations/workflows/ODcwNWE5N2YtNzUwMC00MWQ5LWE5MGEtZTQ2YjQyZTdlOWY2 200
[debug] [2023-06-06T14:16:05.003Z] <<< [apiv2][body] GET https://firebase.googleapis.com/v1beta1/operations/workflows/ODcwNWE5N2YtNzUwMC00MWQ5LWE5MGEtZTQ2YjQyZTdlOWY2 {"name":"operations/workflows/ODcwNWE5N2YtNzUwMC00MWQ5LWE5MGEtZTQ2YjQyZTdlOWY2"}
[debug] [2023-06-06T14:16:09.008Z] [Add Firebase Poller] Retrying task index 0
[debug] [2023-06-06T14:16:09.010Z] >>> [apiv2][query] GET https://firebase.googleapis.com/v1beta1/operations/workflows/ODcwNWE5N2YtNzUwMC00MWQ5LWE5MGEtZTQ2YjQyZTdlOWY2 [none]
[debug] [2023-06-06T14:16:09.609Z] <<< [apiv2][status] GET https://firebase.googleapis.com/v1beta1/operations/workflows/ODcwNWE5N2YtNzUwMC00MWQ5LWE5MGEtZTQ2YjQyZTdlOWY2 200
[debug] [2023-06-06T14:16:09.609Z] <<< [apiv2][body] GET https://firebase.googleapis.com/v1beta1/operations/workflows/ODcwNWE5N2YtNzUwMC00MWQ5LWE5MGEtZTQ2YjQyZTdlOWY2 {"name":"operations/workflows/ODcwNWE5N2YtNzUwMC00MWQ5LWE5MGEtZTQ2YjQyZTdlOWY2","done":true,"response":{"@type":"type.googleapis.com/google.firebase.service.v1beta1.FirebaseProject","projectId":"organic-boulder-343718","projectNumber":"603829265518","displayName":"My First Project","name":"projects/organic-boulder-343718","resources":{"hostingSite":"organic-boulder-343718"}}}
[info] 
[info] === Your Firebase project is ready! ===
[info] 
[info] Project information:
[info]    - Project ID: organic-boulder-343718
[info]    - Project Name: My First Project
[info] 
[info] Firebase console is available at
[info] https://console.firebase.google.com/project/organic-boulder-343718/overview
[info] i  Using project organic-boulder-343718 (My First Project) 
[info] 
=== Hosting Setup
[info] 
[info] Your public directory is the folder (relative to your project directory) that
[info] will contain Hosting assets to be uploaded with firebase deploy. If you
[info] have a build process for your assets, use your build's output directory.
[info] 
[info] +  Wrote  /404.html 
[debug] [2023-06-06T14:16:49.761Z] >>> [apiv2][query] GET https://www.gstatic.com/firebasejs/releases.json [none]
[debug] [2023-06-06T14:16:50.078Z] <<< [apiv2][status] GET https://www.gstatic.com/firebasejs/releases.json 200
[debug] [2023-06-06T14:16:50.078Z] <<< [apiv2][body] GET https://www.gstatic.com/firebasejs/releases.json {"current":{"version":"9.22.1","browserURL":"https://www.gstatic.com/firebasejs/9.22.1/firebase.js","packageURL":"https://www.gstatic.com/firebasejs/9.22.1/firebase.tgz"},"live":{"version":"9.22","browserURL":"https://www.gstatic.com/firebasejs/live/9.22/firebase.js","packageURL":"https://www.gstatic.com/firebasejs/live/9.22/firebase.tgz"},"components":{"analytics":"https://www.gstatic.com/firebasejs/9.22.1/firebase-analytics.js","app":"https://www.gstatic.com/firebasejs/9.22.1/firebase-app.js","app-check":"https://www.gstatic.com/firebasejs/9.22.1/firebase-app-check.js","auth":"https://www.gstatic.com/firebasejs/9.22.1/firebase-auth.js","auth/cordova":"https://www.gstatic.com/firebasejs/9.22.1/firebase-auth/cordova.js","auth/react-native":"https://www.gstatic.com/firebasejs/9.22.1/firebase-auth/react-native.js","functions":"https://www.gstatic.com/firebasejs/9.22.1/firebase-functions.js","firestore":"https://www.gstatic.com/firebasejs/9.22.1/firebase-firestore.js","firestore/lite":"https://www.gstatic.com/firebasejs/9.22.1/firebase-firestore/lite.js","installations":"https://www.gstatic.com/firebasejs/9.22.1/firebase-installations.js","storage":"https://www.gstatic.com/firebasejs/9.22.1/firebase-storage.js","performance":"https://www.gstatic.com/firebasejs/9.22.1/firebase-performance.js","remote-config":"https://www.gstatic.com/firebasejs/9.22.1/firebase-remote-config.js","messaging":"https://www.gstatic.com/firebasejs/9.22.1/firebase-messaging.js","messaging/sw":"https://www.gstatic.com/firebasejs/9.22.1/firebase-messaging/sw.js","database":"https://www.gstatic.com/firebasejs/9.22.1/firebase-database.js","firestore.memory":"https://www.gstatic.com/firebasejs/9.22.1/firebase-firestore.memory.js"}}
[info] +  Wrote  /index.html 
[info] 
[info] i  Didn't detect a .git folder. Assuming C:\Users\zan\Desktop\startup-website-template is the project root. 
[info] i  Authorizing with GitHub to upload your service account to a GitHub repository's secrets store. 
[info] 
[info] Visit this URL on this device to log in:
[info] https://github.com/login/oauth/authorize?client_id=89cf50f02ac6aaed3484&state=399619768&redirect_uri=http%3A%2F%2Flocalhost%3A9005&scope=read%3Auser%20repo%20public_repo
[info] 
[info] Waiting for authentication...
[debug] [2023-06-06T14:17:14.114Z] >>> [apiv2][query] POST https://github.com/login/oauth/access_token [none]
[debug] [2023-06-06T14:17:14.115Z] >>> [apiv2][body] POST https://github.com/login/oauth/access_token [stream]
[debug] [2023-06-06T14:17:14.872Z] <<< [apiv2][status] POST https://github.com/login/oauth/access_token 200
[debug] [2023-06-06T14:17:14.872Z] <<< [apiv2][body] POST https://github.com/login/oauth/access_token {"access_token":"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","token_type":"bearer","scope":"read:user,repo"}
[debug] [2023-06-06T14:17:14.938Z] >>> [apiv2][query] GET https://api.github.com/user [none]
[debug] [2023-06-06T14:17:15.563Z] <<< [apiv2][status] GET https://api.github.com/user 200
[debug] [2023-06-06T14:17:15.563Z] <<< [apiv2][body] GET https://api.github.com/user {"login":"ZanCoulibaly","id":58905348,"node_id":"MDQ6VXNlcjU4OTA1MzQ4","avatar_url":"https://avatars.githubusercontent.com/u/58905348?v=4","gravatar_id":"","url":"https://api.github.com/users/ZanCoulibaly","html_url":"https://github.com/ZanCoulibaly","followers_url":"https://api.github.com/users/ZanCoulibaly/followers","following_url":"https://api.github.com/users/ZanCoulibaly/following{/other_user}","gists_url":"https://api.github.com/users/ZanCoulibaly/gists{/gist_id}","starred_url":"https://api.github.com/users/ZanCoulibaly/starred{/owner}{/repo}","subscriptions_url":"https://api.github.com/users/ZanCoulibaly/subscriptions","organizations_url":"https://api.github.com/users/ZanCoulibaly/orgs","repos_url":"https://api.github.com/users/ZanCoulibaly/repos","events_url":"https://api.github.com/users/ZanCoulibaly/events{/privacy}","received_events_url":"https://api.github.com/users/ZanCoulibaly/received_events","type":"User","site_admin":false,"name":"Zan","company":"SAFECORO TV","blog":"http://safecorotv.video.blog","location":"Bamako-Mali","email":null,"hireable":null,"bio":null,"twitter_username":null,"public_repos":32,"public_gists":0,"followers":0,"following":0,"created_at":"2019-12-15T10:55:02Z","updated_at":"2023-05-16T13:29:04Z","private_gists":0,"total_private_repos":5,"owned_private_repos":5,"disk_usage":471173,"collaborators":0,"two_factor_authentication":false,"plan":{"name":"free","space":976562499,"collaborators":0,"private_repos":10000}}
[info] 
[info] +  Success! Logged into GitHub as ZanCoulibaly 
[info] 
[debug] [2023-06-06T14:17:42.791Z] >>> [apiv2][query] GET https://api.github.com/repos/y/actions/secrets/public-key type=owner
[debug] [2023-06-06T14:17:43.370Z] <<< [apiv2][status] GET https://api.github.com/repos/y/actions/secrets/public-key 404
[debug] [2023-06-06T14:17:43.371Z] <<< [apiv2][body] GET https://api.github.com/repos/y/actions/secrets/public-key {"message":"Not Found","documentation_url":"https://docs.github.com/rest"}
[info] 
[info] 
[error] !  The provided authorization cannot be used with this repository. If this repository is in an organization, did you remember to grant access? 
[info] 
[info] i  Action required: Visit this URL to ensure access has been granted to the appropriate organization(s) for the Firebase CLI GitHub OAuth App: 
[info] https://github.com/settings/connections/applications/89cf50f02ac6aaed3484
[info] 
[debug] [2023-06-06T14:17:47.044Z] >>> [apiv2][query] GET https://api.github.com/repos//actions/secrets/public-key type=owner
[debug] [2023-06-06T14:17:47.705Z] <<< [apiv2][status] GET https://api.github.com/repos//actions/secrets/public-key 404
[debug] [2023-06-06T14:17:47.705Z] <<< [apiv2][body] GET https://api.github.com/repos//actions/secrets/public-key {"message":"Not Found","documentation_url":"https://docs.github.com/rest"}
[info] 
[info] 
[error] !  The provided authorization cannot be used with this repository. If this repository is in an organization, did you remember to grant access? 
[info] 
[info] i  Action required: Visit this URL to ensure access has been granted to the appropriate organization(s) for the Firebase CLI GitHub OAuth App: 
[info] https://github.com/settings/connections/applications/89cf50f02ac6aaed3484
[info] 
